11-01 02:21:20 com_github_MitjaNemec_Archive3DModels.action_archive_3d_models 220:Plugin executed on: 'win32'
11-01 02:21:20 com_github_MitjaNemec_Archive3DModels.action_archive_3d_models 221:Plugin executed with python version: '3.9.16 (main, May 18 2023, 07:48:16) [MSC v.1936 64 bit (AMD64)]'
11-01 02:21:20 com_github_MitjaNemec_Archive3DModels.action_archive_3d_models 222:KiCad build version: 7.0.6
11-01 02:21:20 com_github_MitjaNemec_Archive3DModels.action_archive_3d_models 223:Plugin version: 1.0.9

11-01 02:21:20 com_github_MitjaNemec_Archive3DModels.action_archive_3d_models 228:Screen sizes: [wx.Size(1920, 1080), wx.Size(1920, 1080), wx.Size(1920, 1080)]
11-01 02:21:20 com_github_MitjaNemec_Archive3DModels.action_archive_3d_models 235:Dialog size: wx.Size(213, 81)
11-01 02:21:20 com_github_MitjaNemec_Archive3DModels.action_archive_3d_models 237:Char size: 15
11-01 02:21:28 com_github_MitjaNemec_Archive3DModels.archive_3d_models 24:Starting to archive 3D models
11-01 02:21:28 com_github_MitjaNemec_Archive3DModels.archive_3d_models 45:Getting 3D models for footprint of: J11
11-01 02:21:28 com_github_MitjaNemec_Archive3DModels.archive_3d_models 56:Trying to copy: ${KIPRJMOD}/Packages3D/AMASS_XT30U-F_1x02_P5.0mm_Vertical.wrl
11-01 02:21:28 com_github_MitjaNemec_Archive3DModels.archive_3d_models 132:Did not copy: ${KIPRJMOD}/Packages3D/AMASS_XT30U-F_1x02_P5.0mm_Vertical.wrl
11-01 02:21:28 com_github_MitjaNemec_Archive3DModels.archive_3d_models 136:Remapping: ${KIPRJMOD}/Packages3D/AMASS_XT30U-F_1x02_P5.0mm_Vertical.wrl
11-01 02:21:28 com_github_MitjaNemec_Archive3DModels.archive_3d_models 45:Getting 3D models for footprint of: SWBoot1
11-01 02:21:28 com_github_MitjaNemec_Archive3DModels.archive_3d_models 56:Trying to copy: ${KIPRJMOD}/Packages3D/SW_SPST_CK_RS282G05A3.wrl
11-01 02:21:28 com_github_MitjaNemec_Archive3DModels.archive_3d_models 136:Remapping: ${KIPRJMOD}/Packages3D/SW_SPST_CK_RS282G05A3.wrl
11-01 02:21:28 com_github_MitjaNemec_Archive3DModels.archive_3d_models 45:Getting 3D models for footprint of: R11
11-01 02:21:28 com_github_MitjaNemec_Archive3DModels.archive_3d_models 56:Trying to copy: ${KIPRJMOD}/Packages3D/R_1206_3216Metric.wrl
11-01 02:21:28 com_github_MitjaNemec_Archive3DModels.archive_3d_models 136:Remapping: ${KIPRJMOD}/Packages3D/R_1206_3216Metric.wrl
11-01 02:21:28 com_github_MitjaNemec_Archive3DModels.archive_3d_models 45:Getting 3D models for footprint of: R10
11-01 02:21:28 com_github_MitjaNemec_Archive3DModels.archive_3d_models 56:Trying to copy: ${KIPRJMOD}/Packages3D/R_1206_3216Metric.wrl
11-01 02:21:28 com_github_MitjaNemec_Archive3DModels.archive_3d_models 136:Remapping: ${KIPRJMOD}/Packages3D/R_1206_3216Metric.wrl
11-01 02:21:28 com_github_MitjaNemec_Archive3DModels.archive_3d_models 45:Getting 3D models for footprint of: J12
11-01 02:21:28 com_github_MitjaNemec_Archive3DModels.archive_3d_models 56:Trying to copy: ${KIPRJMOD}/Packages3D/Molex_KK-396_A-41791-0002_1x02_P3.96mm_Vertical.wrl
11-01 02:21:28 com_github_MitjaNemec_Archive3DModels.archive_3d_models 132:Did not copy: ${KIPRJMOD}/Packages3D/Molex_KK-396_A-41791-0002_1x02_P3.96mm_Vertical.wrl
11-01 02:21:28 com_github_MitjaNemec_Archive3DModels.archive_3d_models 136:Remapping: ${KIPRJMOD}/Packages3D/Molex_KK-396_A-41791-0002_1x02_P3.96mm_Vertical.wrl
11-01 02:21:28 com_github_MitjaNemec_Archive3DModels.archive_3d_models 45:Getting 3D models for footprint of: SW1
11-01 02:21:28 com_github_MitjaNemec_Archive3DModels.archive_3d_models 56:Trying to copy: ${KIPRJMOD}/Packages3D/SK-12D10 1P2T.step
11-01 02:21:28 com_github_MitjaNemec_Archive3DModels.archive_3d_models 136:Remapping: ${KIPRJMOD}/Packages3D/SK-12D10 1P2T.step
11-01 02:21:28 com_github_MitjaNemec_Archive3DModels.archive_3d_models 45:Getting 3D models for footprint of: J13
11-01 02:21:28 com_github_MitjaNemec_Archive3DModels.archive_3d_models 56:Trying to copy: ${KIPRJMOD}/Packages3D/Molex_KK-254_AE-6410-04A_1x04_P2.54mm_Vertical.wrl
11-01 02:21:28 com_github_MitjaNemec_Archive3DModels.archive_3d_models 136:Remapping: ${KIPRJMOD}/Packages3D/Molex_KK-254_AE-6410-04A_1x04_P2.54mm_Vertical.wrl
11-01 02:21:28 com_github_MitjaNemec_Archive3DModels.archive_3d_models 45:Getting 3D models for footprint of: U4
11-01 02:21:28 com_github_MitjaNemec_Archive3DModels.archive_3d_models 56:Trying to copy: ${KIPRJMOD}/Packages3D/Dissipateur-DissipateurTMC2208.step
11-01 02:21:28 com_github_MitjaNemec_Archive3DModels.archive_3d_models 136:Remapping: ${KIPRJMOD}/Packages3D/Dissipateur-DissipateurTMC2208.step
11-01 02:21:28 com_github_MitjaNemec_Archive3DModels.archive_3d_models 56:Trying to copy: ${KIPRJMOD}/Packages3D/Dissipateur-DissipateurTMC2208.step
11-01 02:21:28 com_github_MitjaNemec_Archive3DModels.archive_3d_models 136:Remapping: ${KIPRJMOD}/Packages3D/Dissipateur-DissipateurTMC2208.step
11-01 02:21:28 com_github_MitjaNemec_Archive3DModels.archive_3d_models 56:Trying to copy: ${KIPRJMOD}/Packages3D/Dissipateur-DissipateurTMC2208.step
11-01 02:21:28 com_github_MitjaNemec_Archive3DModels.archive_3d_models 136:Remapping: ${KIPRJMOD}/Packages3D/Dissipateur-DissipateurTMC2208.step
11-01 02:21:28 com_github_MitjaNemec_Archive3DModels.archive_3d_models 56:Trying to copy: ${KIPRJMOD}/Packages3D/Dissipateur-DissipateurTMC2208.step
11-01 02:21:28 com_github_MitjaNemec_Archive3DModels.archive_3d_models 136:Remapping: ${KIPRJMOD}/Packages3D/Dissipateur-DissipateurTMC2208.step
11-01 02:21:28 com_github_MitjaNemec_Archive3DModels.archive_3d_models 45:Getting 3D models for footprint of: D7
11-01 02:21:28 com_github_MitjaNemec_Archive3DModels.archive_3d_models 56:Trying to copy: ${KIPRJMOD}/Packages3D/D_SOD-523.wrl
11-01 02:21:28 com_github_MitjaNemec_Archive3DModels.archive_3d_models 136:Remapping: ${KIPRJMOD}/Packages3D/D_SOD-523.wrl
11-01 02:21:28 com_github_MitjaNemec_Archive3DModels.archive_3d_models 45:Getting 3D models for footprint of: J7
11-01 02:21:28 com_github_MitjaNemec_Archive3DModels.archive_3d_models 56:Trying to copy: ${KIPRJMOD}/Packages3D/PinHeader_1x04_P2.54mm_Vertical.wrl
11-01 02:21:28 com_github_MitjaNemec_Archive3DModels.archive_3d_models 136:Remapping: ${KIPRJMOD}/Packages3D/PinHeader_1x04_P2.54mm_Vertical.wrl
11-01 02:21:28 com_github_MitjaNemec_Archive3DModels.archive_3d_models 45:Getting 3D models for footprint of: H2
11-01 02:21:28 com_github_MitjaNemec_Archive3DModels.archive_3d_models 45:Getting 3D models for footprint of: U2
11-01 02:21:28 com_github_MitjaNemec_Archive3DModels.archive_3d_models 56:Trying to copy: ${KIPRJMOD}/Packages3D/SOT-223.wrl
11-01 02:21:28 com_github_MitjaNemec_Archive3DModels.archive_3d_models 136:Remapping: ${KIPRJMOD}/Packages3D/SOT-223.wrl
11-01 02:21:28 com_github_MitjaNemec_Archive3DModels.archive_3d_models 45:Getting 3D models for footprint of: D3
11-01 02:21:28 com_github_MitjaNemec_Archive3DModels.archive_3d_models 56:Trying to copy: ${KIPRJMOD}/Packages3D/LED_1206_3216Metric.wrl
11-01 02:21:28 com_github_MitjaNemec_Archive3DModels.archive_3d_models 136:Remapping: ${KIPRJMOD}/Packages3D/LED_1206_3216Metric.wrl
11-01 02:21:28 com_github_MitjaNemec_Archive3DModels.archive_3d_models 45:Getting 3D models for footprint of: SWEn1
11-01 02:21:28 com_github_MitjaNemec_Archive3DModels.archive_3d_models 56:Trying to copy: ${KIPRJMOD}/Packages3D/SW_SPST_CK_RS282G05A3.wrl
11-01 02:21:28 com_github_MitjaNemec_Archive3DModels.archive_3d_models 136:Remapping: ${KIPRJMOD}/Packages3D/SW_SPST_CK_RS282G05A3.wrl
11-01 02:21:28 com_github_MitjaNemec_Archive3DModels.archive_3d_models 45:Getting 3D models for footprint of: J1
11-01 02:21:28 com_github_MitjaNemec_Archive3DModels.archive_3d_models 56:Trying to copy: ${KIPRJMOD}/Packages3D/PinHeader_2x02_P2.54mm_Vertical.wrl
11-01 02:21:28 com_github_MitjaNemec_Archive3DModels.archive_3d_models 136:Remapping: ${KIPRJMOD}/Packages3D/PinHeader_2x02_P2.54mm_Vertical.wrl
11-01 02:21:28 com_github_MitjaNemec_Archive3DModels.archive_3d_models 45:Getting 3D models for footprint of: H1
11-01 02:21:28 com_github_MitjaNemec_Archive3DModels.archive_3d_models 45:Getting 3D models for footprint of: D1
11-01 02:21:28 com_github_MitjaNemec_Archive3DModels.archive_3d_models 56:Trying to copy: ${KIPRJMOD}/Packages3D/LED_WS2812B_PLCC4_5.0x5.0mm_P3.2mm.wrl
11-01 02:21:28 com_github_MitjaNemec_Archive3DModels.archive_3d_models 136:Remapping: ${KIPRJMOD}/Packages3D/LED_WS2812B_PLCC4_5.0x5.0mm_P3.2mm.wrl
11-01 02:21:28 com_github_MitjaNemec_Archive3DModels.archive_3d_models 45:Getting 3D models for footprint of: C5
11-01 02:21:28 com_github_MitjaNemec_Archive3DModels.archive_3d_models 56:Trying to copy: ${KIPRJMOD}/Packages3D/C_1206_3216Metric.wrl
11-01 02:21:28 com_github_MitjaNemec_Archive3DModels.archive_3d_models 136:Remapping: ${KIPRJMOD}/Packages3D/C_1206_3216Metric.wrl
11-01 02:21:28 com_github_MitjaNemec_Archive3DModels.archive_3d_models 45:Getting 3D models for footprint of: D2
11-01 02:21:28 com_github_MitjaNemec_Archive3DModels.archive_3d_models 56:Trying to copy: ${KIPRJMOD}/Packages3D/D_SMA.wrl
11-01 02:21:28 com_github_MitjaNemec_Archive3DModels.archive_3d_models 136:Remapping: ${KIPRJMOD}/Packages3D/D_SMA.wrl
11-01 02:21:28 com_github_MitjaNemec_Archive3DModels.archive_3d_models 45:Getting 3D models for footprint of: U1
11-01 02:21:28 com_github_MitjaNemec_Archive3DModels.archive_3d_models 56:Trying to copy: ${KIPRJMOD}/Packages3D/ESP32-S3-WROOM.step
11-01 02:21:28 com_github_MitjaNemec_Archive3DModels.archive_3d_models 136:Remapping: ${KIPRJMOD}/Packages3D/ESP32-S3-WROOM.step
11-01 02:21:28 com_github_MitjaNemec_Archive3DModels.archive_3d_models 45:Getting 3D models for footprint of: R5
11-01 02:21:28 com_github_MitjaNemec_Archive3DModels.archive_3d_models 56:Trying to copy: ${KIPRJMOD}/Packages3D/R_1206_3216Metric.wrl
11-01 02:21:28 com_github_MitjaNemec_Archive3DModels.archive_3d_models 136:Remapping: ${KIPRJMOD}/Packages3D/R_1206_3216Metric.wrl
11-01 02:21:28 com_github_MitjaNemec_Archive3DModels.archive_3d_models 45:Getting 3D models for footprint of: J6
11-01 02:21:28 com_github_MitjaNemec_Archive3DModels.archive_3d_models 56:Trying to copy: ${KIPRJMOD}/Packages3D/IDC-Header_2x03_P2.54mm_Vertical.wrl
11-01 02:21:28 com_github_MitjaNemec_Archive3DModels.archive_3d_models 136:Remapping: ${KIPRJMOD}/Packages3D/IDC-Header_2x03_P2.54mm_Vertical.wrl
11-01 02:21:28 com_github_MitjaNemec_Archive3DModels.archive_3d_models 45:Getting 3D models for footprint of: C9
11-01 02:21:28 com_github_MitjaNemec_Archive3DModels.archive_3d_models 56:Trying to copy: ${KIPRJMOD}/Packages3D/C_1206_3216Metric.wrl
11-01 02:21:28 com_github_MitjaNemec_Archive3DModels.archive_3d_models 136:Remapping: ${KIPRJMOD}/Packages3D/C_1206_3216Metric.wrl
11-01 02:21:28 com_github_MitjaNemec_Archive3DModels.archive_3d_models 45:Getting 3D models for footprint of: J10
11-01 02:21:28 com_github_MitjaNemec_Archive3DModels.archive_3d_models 56:Trying to copy: ${KIPRJMOD}/Packages3D/PinHeader_1x03_P2.54mm_Vertical.wrl
11-01 02:21:28 com_github_MitjaNemec_Archive3DModels.archive_3d_models 136:Remapping: ${KIPRJMOD}/Packages3D/PinHeader_1x03_P2.54mm_Vertical.wrl
11-01 02:21:28 com_github_MitjaNemec_Archive3DModels.archive_3d_models 45:Getting 3D models for footprint of: R3
11-01 02:21:28 com_github_MitjaNemec_Archive3DModels.archive_3d_models 56:Trying to copy: ${KIPRJMOD}/Packages3D/R_1206_3216Metric.wrl
11-01 02:21:28 com_github_MitjaNemec_Archive3DModels.archive_3d_models 136:Remapping: ${KIPRJMOD}/Packages3D/R_1206_3216Metric.wrl
11-01 02:21:28 com_github_MitjaNemec_Archive3DModels.archive_3d_models 45:Getting 3D models for footprint of: R9
11-01 02:21:28 com_github_MitjaNemec_Archive3DModels.archive_3d_models 56:Trying to copy: ${KIPRJMOD}/Packages3D/R_1206_3216Metric.wrl
11-01 02:21:28 com_github_MitjaNemec_Archive3DModels.archive_3d_models 136:Remapping: ${KIPRJMOD}/Packages3D/R_1206_3216Metric.wrl
11-01 02:21:28 com_github_MitjaNemec_Archive3DModels.archive_3d_models 45:Getting 3D models for footprint of: J2
11-01 02:21:28 com_github_MitjaNemec_Archive3DModels.archive_3d_models 56:Trying to copy: ${KIPRJMOD}/Packages3D/USB-type-B.STEP
11-01 02:21:28 com_github_MitjaNemec_Archive3DModels.archive_3d_models 136:Remapping: ${KIPRJMOD}/Packages3D/USB-type-B.STEP
11-01 02:21:28 com_github_MitjaNemec_Archive3DModels.archive_3d_models 45:Getting 3D models for footprint of: C6
11-01 02:21:28 com_github_MitjaNemec_Archive3DModels.archive_3d_models 56:Trying to copy: ${KIPRJMOD}/Packages3D/CP_Radial_D8.0mm_P3.80mm.wrl
11-01 02:21:28 com_github_MitjaNemec_Archive3DModels.archive_3d_models 136:Remapping: ${KIPRJMOD}/Packages3D/CP_Radial_D8.0mm_P3.80mm.wrl
11-01 02:21:28 com_github_MitjaNemec_Archive3DModels.archive_3d_models 45:Getting 3D models for footprint of: C1
11-01 02:21:28 com_github_MitjaNemec_Archive3DModels.archive_3d_models 56:Trying to copy: ${KIPRJMOD}/Packages3D/CP_Elec_5x5.4.wrl
11-01 02:21:28 com_github_MitjaNemec_Archive3DModels.archive_3d_models 136:Remapping: ${KIPRJMOD}/Packages3D/CP_Elec_5x5.4.wrl
11-01 02:21:28 com_github_MitjaNemec_Archive3DModels.archive_3d_models 45:Getting 3D models for footprint of: D4
11-01 02:21:28 com_github_MitjaNemec_Archive3DModels.archive_3d_models 56:Trying to copy: ${KIPRJMOD}/Packages3D/LED_1206_3216Metric.wrl
11-01 02:21:28 com_github_MitjaNemec_Archive3DModels.archive_3d_models 136:Remapping: ${KIPRJMOD}/Packages3D/LED_1206_3216Metric.wrl
11-01 02:21:28 com_github_MitjaNemec_Archive3DModels.archive_3d_models 45:Getting 3D models for footprint of: R1
11-01 02:21:28 com_github_MitjaNemec_Archive3DModels.archive_3d_models 56:Trying to copy: ${KIPRJMOD}/Packages3D/R_1206_3216Metric.wrl
11-01 02:21:28 com_github_MitjaNemec_Archive3DModels.archive_3d_models 136:Remapping: ${KIPRJMOD}/Packages3D/R_1206_3216Metric.wrl
11-01 02:21:28 com_github_MitjaNemec_Archive3DModels.archive_3d_models 45:Getting 3D models for footprint of: R7
11-01 02:21:28 com_github_MitjaNemec_Archive3DModels.archive_3d_models 56:Trying to copy: ${KIPRJMOD}/Packages3D/R_1206_3216Metric.wrl
11-01 02:21:28 com_github_MitjaNemec_Archive3DModels.archive_3d_models 136:Remapping: ${KIPRJMOD}/Packages3D/R_1206_3216Metric.wrl
11-01 02:21:28 com_github_MitjaNemec_Archive3DModels.archive_3d_models 45:Getting 3D models for footprint of: C8
11-01 02:21:28 com_github_MitjaNemec_Archive3DModels.archive_3d_models 56:Trying to copy: ${KIPRJMOD}/Packages3D/C_1206_3216Metric.wrl
11-01 02:21:28 com_github_MitjaNemec_Archive3DModels.archive_3d_models 136:Remapping: ${KIPRJMOD}/Packages3D/C_1206_3216Metric.wrl
11-01 02:21:28 com_github_MitjaNemec_Archive3DModels.archive_3d_models 45:Getting 3D models for footprint of: U5
11-01 02:21:28 com_github_MitjaNemec_Archive3DModels.archive_3d_models 56:Trying to copy: ${KIPRJMOD}/Packages3D/Dissipateur-DissipateurTMC2208.step
11-01 02:21:28 com_github_MitjaNemec_Archive3DModels.archive_3d_models 136:Remapping: ${KIPRJMOD}/Packages3D/Dissipateur-DissipateurTMC2208.step
11-01 02:21:28 com_github_MitjaNemec_Archive3DModels.archive_3d_models 56:Trying to copy: ${KIPRJMOD}/Packages3D/Dissipateur-DissipateurTMC2208.step
11-01 02:21:28 com_github_MitjaNemec_Archive3DModels.archive_3d_models 136:Remapping: ${KIPRJMOD}/Packages3D/Dissipateur-DissipateurTMC2208.step
11-01 02:21:28 com_github_MitjaNemec_Archive3DModels.archive_3d_models 56:Trying to copy: ${KIPRJMOD}/Packages3D/Dissipateur-DissipateurTMC2208.step
11-01 02:21:28 com_github_MitjaNemec_Archive3DModels.archive_3d_models 136:Remapping: ${KIPRJMOD}/Packages3D/Dissipateur-DissipateurTMC2208.step
11-01 02:21:28 com_github_MitjaNemec_Archive3DModels.archive_3d_models 56:Trying to copy: ${KIPRJMOD}/Packages3D/Dissipateur-DissipateurTMC2208.step
11-01 02:21:28 com_github_MitjaNemec_Archive3DModels.archive_3d_models 136:Remapping: ${KIPRJMOD}/Packages3D/Dissipateur-DissipateurTMC2208.step
11-01 02:21:28 com_github_MitjaNemec_Archive3DModels.archive_3d_models 45:Getting 3D models for footprint of: J8
11-01 02:21:28 com_github_MitjaNemec_Archive3DModels.archive_3d_models 56:Trying to copy: ${KIPRJMOD}/Packages3D/PinHeader_1x04_P2.54mm_Vertical.wrl
11-01 02:21:28 com_github_MitjaNemec_Archive3DModels.archive_3d_models 136:Remapping: ${KIPRJMOD}/Packages3D/PinHeader_1x04_P2.54mm_Vertical.wrl
11-01 02:21:28 com_github_MitjaNemec_Archive3DModels.archive_3d_models 45:Getting 3D models for footprint of: C3
11-01 02:21:28 com_github_MitjaNemec_Archive3DModels.archive_3d_models 56:Trying to copy: ${KIPRJMOD}/Packages3D/C_1206_3216Metric.wrl
11-01 02:21:28 com_github_MitjaNemec_Archive3DModels.archive_3d_models 136:Remapping: ${KIPRJMOD}/Packages3D/C_1206_3216Metric.wrl
11-01 02:21:28 com_github_MitjaNemec_Archive3DModels.archive_3d_models 45:Getting 3D models for footprint of: C4
11-01 02:21:28 com_github_MitjaNemec_Archive3DModels.archive_3d_models 56:Trying to copy: ${KIPRJMOD}/Packages3D/C_1206_3216Metric.wrl
11-01 02:21:28 com_github_MitjaNemec_Archive3DModels.archive_3d_models 136:Remapping: ${KIPRJMOD}/Packages3D/C_1206_3216Metric.wrl
11-01 02:21:28 com_github_MitjaNemec_Archive3DModels.archive_3d_models 45:Getting 3D models for footprint of: D5
11-01 02:21:28 com_github_MitjaNemec_Archive3DModels.archive_3d_models 56:Trying to copy: ${KIPRJMOD}/Packages3D/LED_1206_3216Metric.wrl
11-01 02:21:28 com_github_MitjaNemec_Archive3DModels.archive_3d_models 136:Remapping: ${KIPRJMOD}/Packages3D/LED_1206_3216Metric.wrl
11-01 02:21:28 com_github_MitjaNemec_Archive3DModels.archive_3d_models 45:Getting 3D models for footprint of: R4
11-01 02:21:28 com_github_MitjaNemec_Archive3DModels.archive_3d_models 56:Trying to copy: ${KIPRJMOD}/Packages3D/R_1206_3216Metric.wrl
11-01 02:21:28 com_github_MitjaNemec_Archive3DModels.archive_3d_models 136:Remapping: ${KIPRJMOD}/Packages3D/R_1206_3216Metric.wrl
11-01 02:21:28 com_github_MitjaNemec_Archive3DModels.archive_3d_models 45:Getting 3D models for footprint of: J4
11-01 02:21:28 com_github_MitjaNemec_Archive3DModels.archive_3d_models 56:Trying to copy: ${KIPRJMOD}/Packages3D/PinHeader_1x03_P2.54mm_Vertical.wrl
11-01 02:21:28 com_github_MitjaNemec_Archive3DModels.archive_3d_models 136:Remapping: ${KIPRJMOD}/Packages3D/PinHeader_1x03_P2.54mm_Vertical.wrl
11-01 02:21:28 com_github_MitjaNemec_Archive3DModels.archive_3d_models 45:Getting 3D models for footprint of: R8
11-01 02:21:28 com_github_MitjaNemec_Archive3DModels.archive_3d_models 56:Trying to copy: ${KIPRJMOD}/Packages3D/R_1206_3216Metric.wrl
11-01 02:21:28 com_github_MitjaNemec_Archive3DModels.archive_3d_models 136:Remapping: ${KIPRJMOD}/Packages3D/R_1206_3216Metric.wrl
11-01 02:21:28 com_github_MitjaNemec_Archive3DModels.archive_3d_models 45:Getting 3D models for footprint of: R2
11-01 02:21:28 com_github_MitjaNemec_Archive3DModels.archive_3d_models 56:Trying to copy: ${KIPRJMOD}/Packages3D/R_1206_3216Metric.wrl
11-01 02:21:28 com_github_MitjaNemec_Archive3DModels.archive_3d_models 136:Remapping: ${KIPRJMOD}/Packages3D/R_1206_3216Metric.wrl
11-01 02:21:28 com_github_MitjaNemec_Archive3DModels.archive_3d_models 45:Getting 3D models for footprint of: D8
11-01 02:21:28 com_github_MitjaNemec_Archive3DModels.archive_3d_models 56:Trying to copy: ${KIPRJMOD}/Packages3D/LED_1206_3216Metric.wrl
11-01 02:21:28 com_github_MitjaNemec_Archive3DModels.archive_3d_models 136:Remapping: ${KIPRJMOD}/Packages3D/LED_1206_3216Metric.wrl
11-01 02:21:28 com_github_MitjaNemec_Archive3DModels.archive_3d_models 45:Getting 3D models for footprint of: R6
11-01 02:21:28 com_github_MitjaNemec_Archive3DModels.archive_3d_models 56:Trying to copy: ${KIPRJMOD}/Packages3D/R_1206_3216Metric.wrl
11-01 02:21:28 com_github_MitjaNemec_Archive3DModels.archive_3d_models 136:Remapping: ${KIPRJMOD}/Packages3D/R_1206_3216Metric.wrl
11-01 02:21:28 com_github_MitjaNemec_Archive3DModels.archive_3d_models 45:Getting 3D models for footprint of: J3
11-01 02:21:28 com_github_MitjaNemec_Archive3DModels.archive_3d_models 56:Trying to copy: ${KIPRJMOD}/Packages3D/Molex_KK-254_AE-6410-02A_1x02_P2.54mm_Vertical.wrl
11-01 02:21:28 com_github_MitjaNemec_Archive3DModels.archive_3d_models 136:Remapping: ${KIPRJMOD}/Packages3D/Molex_KK-254_AE-6410-02A_1x02_P2.54mm_Vertical.wrl
11-01 02:21:28 com_github_MitjaNemec_Archive3DModels.archive_3d_models 45:Getting 3D models for footprint of: C7
11-01 02:21:28 com_github_MitjaNemec_Archive3DModels.archive_3d_models 56:Trying to copy: ${KIPRJMOD}/Packages3D/CP_Radial_D8.0mm_P3.80mm.wrl
11-01 02:21:28 com_github_MitjaNemec_Archive3DModels.archive_3d_models 136:Remapping: ${KIPRJMOD}/Packages3D/CP_Radial_D8.0mm_P3.80mm.wrl
11-01 02:21:28 com_github_MitjaNemec_Archive3DModels.archive_3d_models 45:Getting 3D models for footprint of: C10
11-01 02:21:28 com_github_MitjaNemec_Archive3DModels.archive_3d_models 56:Trying to copy: ${KIPRJMOD}/Packages3D/C_1206_3216Metric.wrl
11-01 02:21:28 com_github_MitjaNemec_Archive3DModels.archive_3d_models 136:Remapping: ${KIPRJMOD}/Packages3D/C_1206_3216Metric.wrl
11-01 02:21:28 com_github_MitjaNemec_Archive3DModels.archive_3d_models 45:Getting 3D models for footprint of: D6
11-01 02:21:28 com_github_MitjaNemec_Archive3DModels.archive_3d_models 56:Trying to copy: ${KIPRJMOD}/Packages3D/D_SOD-523.wrl
11-01 02:21:28 com_github_MitjaNemec_Archive3DModels.archive_3d_models 136:Remapping: ${KIPRJMOD}/Packages3D/D_SOD-523.wrl
11-01 02:21:28 com_github_MitjaNemec_Archive3DModels.archive_3d_models 45:Getting 3D models for footprint of: C2
11-01 02:21:28 com_github_MitjaNemec_Archive3DModels.archive_3d_models 56:Trying to copy: ${KIPRJMOD}/Packages3D/CP_EIA-3528-12_Kemet-T.wrl
11-01 02:21:28 com_github_MitjaNemec_Archive3DModels.archive_3d_models 136:Remapping: ${KIPRJMOD}/Packages3D/CP_EIA-3528-12_Kemet-T.wrl
11-01 02:21:28 com_github_MitjaNemec_Archive3DModels.archive_3d_models 45:Getting 3D models for footprint of: J5
11-01 02:21:28 com_github_MitjaNemec_Archive3DModels.archive_3d_models 56:Trying to copy: ${KIPRJMOD}/Packages3D/IDC-Header_2x03_P2.54mm_Vertical.wrl
11-01 02:21:28 com_github_MitjaNemec_Archive3DModels.archive_3d_models 136:Remapping: ${KIPRJMOD}/Packages3D/IDC-Header_2x03_P2.54mm_Vertical.wrl
11-01 02:21:28 com_github_MitjaNemec_Archive3DModels.archive_3d_models 147:Did not succeed to copy 3D models!
('J11', '${KIPRJMOD}\\Packages3D\\AMASS_XT30U-F_1x02_P5.0mm_Vertical.wrl')
('J12', '${KIPRJMOD}\\Packages3D\\Molex_KK-396_A-41791-0002_1x02_P3.96mm_Vertical.wrl')
